make all --print-data-base --no-builtin-variables --no-builtin-rules --question
# GNU Make 3.81
# Copyright (C) 2006  Free Software Foundation, Inc.
# This is free software; see the source for copying conditions.
# There is NO warranty; not even for MERCHANTABILITY or FITNESS FOR A
# PARTICULAR PURPOSE.

# This program built for i386-apple-darwin11.3.0

# Make data base, printed on Thu May  5 23:56:43 2022

# Variables

# environment
MCFLY_FUZZY = 2
# automatic
<D = $(patsubst %/,%,$(dir $<))
# automatic
?F = $(notdir $?)
# environment
VSCODE_CODE_CACHE_PATH = /Users/jay/Library/Application Support/Code - Insiders/CachedData/57fd6d0195bb9b9d1b49f6da5db789060795de47
# environment
VSCODE_LOG_NATIVE = false
# environment
NODENV_SHELL = zsh
# automatic
@D = $(patsubst %/,%,$(dir $@))
# automatic
@F = $(notdir $@)
# makefile
CURDIR := /Users/jay/Developer/github.com/DrPoppyseed/emailer
# makefile
SHELL = /bin/sh
# environment
VSCODE_NLS_CONFIG = {"locale":"en-us","availableLanguages":{},"_languagePackSupport":true}
# environment
_ = /usr/bin/make
# automatic
?D = $(patsubst %/,%,$(dir $?))
# makefile (from `Makefile', line 1)
MAKEFILE_LIST :=  Makefile
# environment
VSCODE_VERBOSE_LOGGING = true
# environment
PERL_MM_OPT = INSTALL_BASE=/Users/jay/perl5
# environment
__CFBundleIdentifier = com.microsoft.VSCodeInsiders
# environment
INFOPATH = /opt/homebrew/share/info:/opt/homebrew/share/info:
# environment
MCFLY_HISTORY_FORMAT = zsh-extended
# environment
P9K_SSH = 0
# environment
VSCODE_IPC_HOOK_EXTHOST = /var/folders/p0/2bzg7zs94hxbzbfr5_v4snjc0000gn/T/vscode-ipc-24c42d6f-81a8-4a7f-af64-8add42a6f799.sock
# environment
VSCODE_CWD = /
# environment
ANDROID_SDK = /Users/jay/Library/Android/sdk
# environment
PATH = /Users/jay/.anyenv/envs/rbenv/shims:/Users/jay/Library/pnpm:/opt/homebrew/opt/coreutils/libexec/gnubin:/Users/jay/.anyenv/envs/rbenv/shims:/Users/jay/.anyenv/envs/rbenv/bin:/Users/jay/.anyenv/envs/pyenv/shims:/Users/jay/.anyenv/envs/pyenv/bin:/Users/jay/.anyenv/envs/nodenv/shims:/Users/jay/.anyenv/envs/nodenv/bin:/Users/jay/.anyenv/bin:/opt/homebrew/opt/mysql@5.7/bin:/Users/jay/.yarn/bin:/Users/jay/.config/yarn/global/node_modules/.bin:/opt/homebrew/opt/openssl@1.1/bin:/Users/jay/perl5/bin:/Users/jay/.cargo/bin:/opt/homebrew/bin:/opt/homebrew/sbin:/opt/local/bin:/opt/local/sbin:/Users/jay/.pyenv/shims:/opt/homebrew/bin:/opt/homebrew/sbin:/usr/local/bin:/usr/bin:/bin:/usr/sbin:/sbin:/Applications/VMware Fusion.app/Contents/Public:/usr/local/go/bin:/Library/Apple/usr/bin:/Users/jay/Library/Android/sdk/platform-tools:/Users/jay/.cargo/bin}:/Users/jay/.fzf/bin:/Users/jay/Library/Python/3.8/bin:/Users/jay/go/bin
# environment
LSCOLORS = Gxfxcxdxbxegedabagacad
# environment
PNPM_HOME = /Users/jay/Library/pnpm
# environment
GOPATH = /Users/jay/go
# environment
VSCODE_LOG_STACK = true
# environment
ELECTRON_RUN_AS_NODE = 1
# environment
PYENV_ROOT = /Users/jay/.anyenv/envs/pyenv
# default
.FEATURES := target-specific order-only second-expansion else-if archives jobserver check-symlink
# environment
CDPATH = .:/Users/jay/.bookmarks:/
# environment
SSH_AUTH_SOCK = /private/tmp/com.apple.launchd.nG7kKNts6l/Listeners
# automatic
%F = $(notdir $%)
# default
MAKEFILES := 
# environment
VISUAL = nvim
# environment
YVM_DIR = /Users/jay/.yvm
# environment
VSCODE_PIPE_LOGGING = true
# environment
PWD = /Users/jay/Developer/github.com/DrPoppyseed/emailer
# environment
HOMEBREW_CELLAR = /opt/homebrew/Cellar
# environment
ORIGINAL_XDG_CURRENT_DESKTOP = undefined
# environment
MANPATH = /opt/homebrew/share/man:/opt/local/share/man:/opt/homebrew/share/man:::
# environment
VSCODE_AMD_ENTRYPOINT = vs/workbench/api/node/extensionHostProcess
# environment
PYENV_SHELL = zsh
# environment
HOME = /Users/jay
# environment
PERL_MB_OPT = --install_base "/Users/jay/perl5"
# environment
PERL_LOCAL_LIB_ROOT = /Users/jay/perl5
# default
MAKEFILEPATH := /Applications/Xcode.app/Contents/Developer/Makefiles
# environment
PERL5LIB = /Users/jay/perl5/lib/perl5
# environment
MCFLY_KEY_SCHEME = vim
# environment
LOGNAME = jay
# environment
APPLICATION_INSIGHTS_NO_DIAGNOSTIC_CHANNEL = true
# environment
MCFLY_SESSION_ID = v6aRwpQerQ6b41g2DwuLVnVs
# environment
ZSH = /Users/jay/.oh-my-zsh
# environment
VSCODE_HANDLES_UNCAUGHT_ERRORS = true
# automatic
^D = $(patsubst %/,%,$(dir $^))
# environment
XPC_FLAGS = 0x0
# environment
HISTFILE = /Users/jay/.zsh_history
# default
MAKE = $(MAKE_COMMAND)
# default
MAKECMDGOALS := all
# environment
SHLVL = 1
# default
MAKE_VERSION := 3.81
# environment
USER = jay
# makefile
.DEFAULT_GOAL := init
# environment
LESS = -R
# automatic
%D = $(patsubst %/,%,$(dir $%))
# default
MAKE_COMMAND := /Applications/Xcode.app/Contents/Developer/usr/bin/make
# default
.VARIABLES := 
# environment
TMPDIR = /var/folders/p0/2bzg7zs94hxbzbfr5_v4snjc0000gn/T/
# automatic
*F = $(notdir $*)
# environment
VSCODE_IPC_HOOK = /Users/jay/Library/Application Support/Code - Insiders/1.67.0-insider-main.sock
# makefile
MAKEFLAGS = Rrqp
# environment
MFLAGS = -Rrqp
# automatic
*D = $(patsubst %/,%,$(dir $*))
# environment
XPC_SERVICE_NAME = application.com.microsoft.VSCodeInsiders.68079571.68079577
# environment
RUBY_CFLAGS = -DUSE_FFI_CLOSURE_ALLOC
# environment
HOMEBREW_PREFIX = /opt/homebrew
# automatic
+D = $(patsubst %/,%,$(dir $+))
# automatic
+F = $(notdir $+)
# environment
HOMEBREW_REPOSITORY = /opt/homebrew
# environment
MCFLY_RESULTS = 50
# environment
__CF_USER_TEXT_ENCODING = 0x1F5:0x0:0x0
# environment
COMMAND_MODE = unix2003
# environment
MCFLY_HISTORY = /var/folders/p0/2bzg7zs94hxbzbfr5_v4snjc0000gn/T/mcfly.XXXXXXXX.ygd0wT5e
# environment
RBENV_SHELL = zsh
# environment
RUBY_CONFIGURE_OPTS = --with-openssl-dir=/opt/homebrew/opt/openssl@1.1
# automatic
<F = $(notdir $<)
# environment
EDITOR = nvim
# environment
PAGER = less
# environment
LC_ALL = C
# automatic
^F = $(notdir $^)
# default
SUFFIXES := 
# environment
NODENV_ROOT = /Users/jay/.anyenv/envs/nodenv
# default
.INCLUDE_DIRS = /usr/local/include
# environment
MAKELEVEL := 0
# environment
RBENV_ROOT = /Users/jay/.anyenv/envs/rbenv
# environment
LANG = C
# environment
VSCODE_PID = 58353
# variable set hash-table stats:
# Load=98/1024=10%, Rehash=0, Collisions=7/122=6%

# Pattern-specific Variable Values

# No pattern-specific variable values.

# Directories

# . (device 16777230, inode 61948743): 21 files, no impossibilities.

# 21 files, no impossibilities in 1 directories.

# Implicit Rules

# No implicit rules.

# Files

# Not a target:
all:
#  Command-line target.
#  Implicit rule search has been done.
#  File does not exist.
#  File has not been updated.
# variable set hash-table stats:
# Load=0/32=0%, Rehash=0, Collisions=0/0=0%

build-v:
#  Implicit rule search has not been done.
#  Modification time never checked.
#  File has not been updated.
#  commands to execute (from `Makefile', line 19):
	DOCKER_BUILDKIT=0 docker build --tag emailer .
	

# Not a target:
.SUFFIXES:
#  Implicit rule search has not been done.
#  Modification time never checked.
#  File has not been updated.

# Not a target:
Makefile:
#  Implicit rule search has been done.
#  Last modified 2022-05-05 23:56:43
#  File has been updated.
#  Successfully updated.
# variable set hash-table stats:
# Load=0/32=0%, Rehash=0, Collisions=0/0=0%

test:
#  Implicit rule search has not been done.
#  Modification time never checked.
#  File has not been updated.
#  commands to execute (from `Makefile', line 8):
	TEST_LOG=true cargo test | bunyan
	

build:
#  Implicit rule search has not been done.
#  Modification time never checked.
#  File has not been updated.
#  commands to execute (from `Makefile', line 15):
	docker build --tag emailer .
	

watch:
#  Implicit rule search has not been done.
#  Modification time never checked.
#  File has not been updated.
#  commands to execute (from `Makefile', line 5):
	RUST_LOG=trace cargo watch -x clippy -x fmt -x run | bunyan
	

# Not a target:
.DEFAULT:
#  Implicit rule search has not been done.
#  Modification time never checked.
#  File has not been updated.

run:
#  Implicit rule search has not been done.
#  Modification time never checked.
#  File has not been updated.
#  commands to execute (from `Makefile', line 23):
	docker run -p 8000:8000 emailer | bunyan
	

clean:
 
make: *** No rule to make target `all'.  Stop.

#  Implicit rule search has not been done.
#  Modification time never checked.
#  File has not been updated.
#  commands to execute (from `Makefile', line 11):
	cargo +nightly udeps
	

init:
#  Implicit rule search has not been done.
#  Modification time never checked.
#  File has not been updated.
#  commands to execute (from `Makefile', line 2):
	SKIP_DOCKER=true ./scripts/init_db.sh
	

# files hash-table stats:
# Load=11/1024=1%, Rehash=0, Collisions=0/23=0%
# VPATH Search Paths

# No `vpath' search paths.

# No general (`VPATH' variable) search path.

# # of strings in strcache: 1
# # of strcache buffers: 1
# strcache size: total = 4096 / max = 4096 / min = 4096 / avg = 4096
# strcache free: total = 4087 / max = 4087 / min = 4087 / avg = 4087

# Finished Make data base on Thu May  5 23:56:43 2022

 
